<?xml version="1.0" encoding="UTF-8"?>
<!-- Generated by org.testng.reporters.JUnitReportReporter -->
<testsuite skipped="0" hostname="LAPTOP-ARBCTQD5" name="com.testng.properties.Depends_On_Methods" tests="3" failures="0" timestamp="2022-09-30T21:31:11 IST" time="0.042" errors="0">
  <testcase name="offer" time="0.000" classname="com.testng.properties.Depends_On_Methods"/>
  <system-out/>
  <testcase name="laptop" time="0.042" classname="com.testng.properties.Depends_On_Methods"/>
  <system-out/>
  <testcase name="mobile" time="0.000" classname="com.testng.properties.Depends_On_Methods"/>
  <system-out/>
</testsuite> <!-- com.testng.properties.Depends_On_Methods -->
