<?xml version="1.0" encoding="UTF-8"?>
<!-- Generated by org.testng.reporters.JUnitReportReporter -->
<testsuite skipped="0" hostname="LAPTOP-ARBCTQD5" name="com.testng.properties.Invocation_Demo" tests="3" failures="0" timestamp="2022-09-27T21:27:07 IST" time="0.014" errors="0">
  <testcase name="browser" time="0.009" classname="com.testng.properties.Invocation_Demo"/>
  <system-out/>
  <testcase name="refresh" time="0.004" classname="com.testng.properties.Invocation_Demo"/>
  <system-out/>
  <testcase name="url" time="0.001" classname="com.testng.properties.Invocation_Demo"/>
  <system-out/>
</testsuite> <!-- com.testng.properties.Invocation_Demo -->
