<?xml version="1.0" encoding="UTF-8"?>
<!-- Generated by org.testng.reporters.JUnitReportReporter -->
<testsuite skipped="0" hostname="LAPTOP-ARBCTQD5" name="com.testng.properties.Description_Demo" tests="2" failures="0" timestamp="2022-09-30T21:17:45 IST" time="0.055" errors="0">
  <testcase name="url" time="0.008" classname="com.testng.properties.Description_Demo"/>
  <system-out/>
  <testcase name="browser_Launch" time="0.047" classname="com.testng.properties.Description_Demo"/>
  <system-out/>
</testsuite> <!-- com.testng.properties.Description_Demo -->
