<?xml version="1.0" encoding="UTF-8"?>
<!-- Generated by org.testng.reporters.JUnitReportReporter -->
<testsuite skipped="0" hostname="LAPTOP-ARBCTQD5" name="com.testng.properties.Priority_Demo" tests="4" failures="0" timestamp="2022-09-27T20:53:06 IST" time="0.016" errors="0">
  <testcase name="sslc" time="0.016" classname="com.testng.properties.Priority_Demo"/>
  <system-out/>
  <testcase name="hsc" time="0.000" classname="com.testng.properties.Priority_Demo"/>
  <system-out/>
  <testcase name="ug" time="0.000" classname="com.testng.properties.Priority_Demo"/>
  <system-out/>
  <testcase name="pg" time="0.000" classname="com.testng.properties.Priority_Demo"/>
  <system-out/>
</testsuite> <!-- com.testng.properties.Priority_Demo -->
